-------------------------------------------------------------------------------
Test set: owb.GenericsTest
-------------------------------------------------------------------------------
Tests run: 1, Failures: 0, Errors: 1, Skipped: 0, Time elapsed: 1.372 sec <<< FAILURE!
owb.GenericsTest  Time elapsed: 1.37 sec  <<< ERROR!
java.lang.NoClassDefFoundError: javax/annotation/Priority
	at org.apache.webbeans.config.BeansDeployer.registerAlternativesDecoratorsAndInterceptorsWithPriority(BeansDeployer.java:492)
	at org.apache.webbeans.config.BeansDeployer.deploy(BeansDeployer.java:230)
	at org.apache.webbeans.lifecycle.AbstractLifeCycle.bootstrapApplication(AbstractLifeCycle.java:137)
	at org.apache.webbeans.lifecycle.AbstractLifeCycle.startApplication(AbstractLifeCycle.java:103)
	at org.apache.deltaspike.cdise.owb.OpenWebBeansContainerControl.boot(OpenWebBeansContainerControl.java:68)
	at org.apache.deltaspike.cdise.owb.OpenWebBeansContainerControl.boot(OpenWebBeansContainerControl.java:75)
	at org.apache.deltaspike.testcontrol.api.junit.CdiTestRunner$ContainerAwareTestContext.applyBeforeClassConfig(CdiTestRunner.java:462)
	at org.apache.deltaspike.testcontrol.api.junit.CdiTestRunner$BeforeClassStatement.evaluate(CdiTestRunner.java:365)
	at org.apache.deltaspike.testcontrol.api.junit.CdiTestRunner$AfterClassStatement.evaluate(CdiTestRunner.java:392)
	at org.junit.runners.ParentRunner.run(ParentRunner.java:300)
	at org.apache.deltaspike.testcontrol.api.junit.CdiTestRunner.run(CdiTestRunner.java:141)
	at org.apache.maven.surefire.junit4.JUnit4Provider.execute(JUnit4Provider.java:252)
	at org.apache.maven.surefire.junit4.JUnit4Provider.executeTestSet(JUnit4Provider.java:141)
	at org.apache.maven.surefire.junit4.JUnit4Provider.invoke(JUnit4Provider.java:112)
	at sun.reflect.NativeMethodAccessorImpl.invoke0(Native Method)
	at sun.reflect.NativeMethodAccessorImpl.invoke(NativeMethodAccessorImpl.java:62)
	at sun.reflect.DelegatingMethodAccessorImpl.invoke(DelegatingMethodAccessorImpl.java:43)
	at java.lang.reflect.Method.invoke(Method.java:483)
	at org.apache.maven.surefire.util.ReflectionUtils.invokeMethodWithArray(ReflectionUtils.java:189)
	at org.apache.maven.surefire.booter.ProviderFactory$ProviderProxy.invoke(ProviderFactory.java:165)
	at org.apache.maven.surefire.booter.ProviderFactory.invokeProvider(ProviderFactory.java:85)
	at org.apache.maven.surefire.booter.ForkedBooter.runSuitesInProcess(ForkedBooter.java:115)
	at org.apache.maven.surefire.booter.ForkedBooter.main(ForkedBooter.java:75)
Caused by: java.lang.ClassNotFoundException: javax.annotation.Priority
	at java.net.URLClassLoader$1.run(URLClassLoader.java:372)
	at java.net.URLClassLoader$1.run(URLClassLoader.java:361)
	at java.security.AccessController.doPrivileged(Native Method)
	at java.net.URLClassLoader.findClass(URLClassLoader.java:360)
	at java.lang.ClassLoader.loadClass(ClassLoader.java:424)
	at sun.misc.Launcher$AppClassLoader.loadClass(Launcher.java:308)
	at java.lang.ClassLoader.loadClass(ClassLoader.java:357)
	... 23 more

