<?xml version="1.0" encoding="UTF-8" ?>
<testsuite tests="1" failures="0" name="owb.GenericsTest" time="1.37" errors="1" skipped="0">
  <properties>
    <property name="java.runtime.name" value="Java(TM) SE Runtime Environment"/>
    <property name="sun.boot.library.path" value="/usr/java/jdk1.8.0_25/jre/lib/amd64"/>
    <property name="java.vm.version" value="25.25-b02"/>
    <property name="java.vm.vendor" value="Oracle Corporation"/>
    <property name="java.vendor.url" value="http://java.oracle.com/"/>
    <property name="path.separator" value=":"/>
    <property name="guice.disable.misplaced.annotation.check" value="true"/>
    <property name="java.vm.name" value="Java HotSpot(TM) 64-Bit Server VM"/>
    <property name="file.encoding.pkg" value="sun.io"/>
    <property name="user.country" value="US"/>
    <property name="sun.java.launcher" value="SUN_STANDARD"/>
    <property name="sun.os.patch.level" value="unknown"/>
    <property name="java.vm.specification.name" value="Java Virtual Machine Specification"/>
    <property name="user.dir" value="/home/soro/Downloads/OWB-654_test"/>
    <property name="java.runtime.version" value="1.8.0_25-b17"/>
    <property name="java.awt.graphicsenv" value="sun.awt.X11GraphicsEnvironment"/>
    <property name="java.endorsed.dirs" value="/usr/java/jdk1.8.0_25/jre/lib/endorsed"/>
    <property name="os.arch" value="amd64"/>
    <property name="java.io.tmpdir" value="/tmp"/>
    <property name="line.separator" value="
"/>
    <property name="java.vm.specification.vendor" value="Oracle Corporation"/>
    <property name="os.name" value="Linux"/>
    <property name="classworlds.conf" value="/usr/java/apache-maven-3.2.5/bin/m2.conf"/>
    <property name="sun.jnu.encoding" value="UTF-8"/>
    <property name="java.library.path" value="/usr/java/idea-IU-141.1010.3/bin::/usr/java/packages/lib/amd64:/usr/lib64:/lib64:/lib:/usr/lib"/>
    <property name="java.specification.name" value="Java Platform API Specification"/>
    <property name="java.class.version" value="52.0"/>
    <property name="sun.management.compiler" value="HotSpot 64-Bit Tiered Compilers"/>
    <property name="os.version" value="3.19.7-200.fc21.x86_64"/>
    <property name="user.home" value="/home/soro"/>
    <property name="user.timezone" value="America/Fortaleza"/>
    <property name="java.awt.printerjob" value="sun.print.PSPrinterJob"/>
    <property name="file.encoding" value="UTF-8"/>
    <property name="java.specification.version" value="1.8"/>
    <property name="user.name" value="soro"/>
    <property name="java.class.path" value="/usr/java/apache-maven-3.2.5/boot/plexus-classworlds-2.5.2.jar"/>
    <property name="java.vm.specification.version" value="1.8"/>
    <property name="sun.arch.data.model" value="64"/>
    <property name="java.home" value="/usr/java/jdk1.8.0_25/jre"/>
    <property name="sun.java.command" value="org.codehaus.plexus.classworlds.launcher.Launcher clean install -POWB"/>
    <property name="java.specification.vendor" value="Oracle Corporation"/>
    <property name="user.language" value="en"/>
    <property name="awt.toolkit" value="sun.awt.X11.XToolkit"/>
    <property name="java.vm.info" value="mixed mode"/>
    <property name="java.version" value="1.8.0_25"/>
    <property name="java.ext.dirs" value="/usr/java/jdk1.8.0_25/jre/lib/ext:/usr/java/packages/lib/ext"/>
    <property name="securerandom.source" value="file:/dev/./urandom"/>
    <property name="sun.boot.class.path" value="/usr/java/jdk1.8.0_25/jre/lib/resources.jar:/usr/java/jdk1.8.0_25/jre/lib/rt.jar:/usr/java/jdk1.8.0_25/jre/lib/sunrsasign.jar:/usr/java/jdk1.8.0_25/jre/lib/jsse.jar:/usr/java/jdk1.8.0_25/jre/lib/jce.jar:/usr/java/jdk1.8.0_25/jre/lib/charsets.jar:/usr/java/jdk1.8.0_25/jre/lib/jfr.jar:/usr/java/jdk1.8.0_25/jre/classes"/>
    <property name="java.vendor" value="Oracle Corporation"/>
    <property name="maven.home" value="/usr/java/apache-maven-3.2.5"/>
    <property name="file.separator" value="/"/>
    <property name="java.vendor.url.bug" value="http://bugreport.sun.com/bugreport/"/>
    <property name="sun.cpu.endian" value="little"/>
    <property name="sun.io.unicode.encoding" value="UnicodeLittle"/>
    <property name="sun.cpu.isalist" value=""/>
  </properties>
  <testcase classname="owb.GenericsTest" name="owb.GenericsTest" time="1.37">
    <error message="javax/annotation/Priority" type="java.lang.NoClassDefFoundError">java.lang.NoClassDefFoundError: javax/annotation/Priority
	at org.apache.webbeans.config.BeansDeployer.registerAlternativesDecoratorsAndInterceptorsWithPriority(BeansDeployer.java:492)
	at org.apache.webbeans.config.BeansDeployer.deploy(BeansDeployer.java:230)
	at org.apache.webbeans.lifecycle.AbstractLifeCycle.bootstrapApplication(AbstractLifeCycle.java:137)
	at org.apache.webbeans.lifecycle.AbstractLifeCycle.startApplication(AbstractLifeCycle.java:103)
	at org.apache.deltaspike.cdise.owb.OpenWebBeansContainerControl.boot(OpenWebBeansContainerControl.java:68)
	at org.apache.deltaspike.cdise.owb.OpenWebBeansContainerControl.boot(OpenWebBeansContainerControl.java:75)
	at org.apache.deltaspike.testcontrol.api.junit.CdiTestRunner$ContainerAwareTestContext.applyBeforeClassConfig(CdiTestRunner.java:462)
	at org.apache.deltaspike.testcontrol.api.junit.CdiTestRunner$BeforeClassStatement.evaluate(CdiTestRunner.java:365)
	at org.apache.deltaspike.testcontrol.api.junit.CdiTestRunner$AfterClassStatement.evaluate(CdiTestRunner.java:392)
	at org.junit.runners.ParentRunner.run(ParentRunner.java:300)
	at org.apache.deltaspike.testcontrol.api.junit.CdiTestRunner.run(CdiTestRunner.java:141)
	at org.apache.maven.surefire.junit4.JUnit4Provider.execute(JUnit4Provider.java:252)
	at org.apache.maven.surefire.junit4.JUnit4Provider.executeTestSet(JUnit4Provider.java:141)
	at org.apache.maven.surefire.junit4.JUnit4Provider.invoke(JUnit4Provider.java:112)
	at sun.reflect.NativeMethodAccessorImpl.invoke0(Native Method)
	at sun.reflect.NativeMethodAccessorImpl.invoke(NativeMethodAccessorImpl.java:62)
	at sun.reflect.DelegatingMethodAccessorImpl.invoke(DelegatingMethodAccessorImpl.java:43)
	at java.lang.reflect.Method.invoke(Method.java:483)
	at org.apache.maven.surefire.util.ReflectionUtils.invokeMethodWithArray(ReflectionUtils.java:189)
	at org.apache.maven.surefire.booter.ProviderFactory$ProviderProxy.invoke(ProviderFactory.java:165)
	at org.apache.maven.surefire.booter.ProviderFactory.invokeProvider(ProviderFactory.java:85)
	at org.apache.maven.surefire.booter.ForkedBooter.runSuitesInProcess(ForkedBooter.java:115)
	at org.apache.maven.surefire.booter.ForkedBooter.main(ForkedBooter.java:75)
Caused by: java.lang.ClassNotFoundException: javax.annotation.Priority
	at java.net.URLClassLoader$1.run(URLClassLoader.java:372)
	at java.net.URLClassLoader$1.run(URLClassLoader.java:361)
	at java.security.AccessController.doPrivileged(Native Method)
	at java.net.URLClassLoader.findClass(URLClassLoader.java:360)
	at java.lang.ClassLoader.loadClass(ClassLoader.java:424)
	at sun.misc.Launcher$AppClassLoader.loadClass(Launcher.java:308)
	at java.lang.ClassLoader.loadClass(ClassLoader.java:357)
	... 23 more
</error>
    <system-err>May 28, 2015 5:42:49 PM org.apache.deltaspike.core.util.ProjectStageProducer initProjectStage
INFO: Computed the following DeltaSpike ProjectStage: Production
May 28, 2015 5:42:49 PM org.apache.deltaspike.core.api.config.PropertyLoader loadAllProperties
INFO: could not find any property files with name META-INF/apache-deltaspike_test-container
May 28, 2015 5:42:49 PM org.apache.webbeans.lifecycle.AbstractLifeCycle bootstrapApplication
INFO: OpenWebBeans Container is starting...
May 28, 2015 5:42:49 PM org.apache.webbeans.corespi.scanner.AbstractMetaDataDiscovery addWebBeansXmlLocation
INFO: added beans archive URL: file:/home/soro/Downloads/OWB-654_test/target/test-classes/META-INF/beans.xml
May 28, 2015 5:42:50 PM org.apache.webbeans.corespi.scanner.AbstractMetaDataDiscovery addWebBeansXmlLocation
INFO: added beans archive URL: file:/home/soro/Downloads/OWB-654_test/target/classes/META-INF/beans.xml
May 28, 2015 5:42:50 PM org.apache.webbeans.corespi.scanner.AbstractMetaDataDiscovery addWebBeansXmlLocation
INFO: added beans archive URL: jar:file:/home/soro/.m2/repository/org/apache/deltaspike/core/deltaspike-core-api/1.4.0/deltaspike-core-api-1.4.0.jar!/META-INF/beans.xml
May 28, 2015 5:42:50 PM org.apache.webbeans.corespi.scanner.AbstractMetaDataDiscovery addWebBeansXmlLocation
INFO: added beans archive URL: jar:file:/home/soro/.m2/repository/org/apache/deltaspike/core/deltaspike-core-impl/1.4.0/deltaspike-core-impl-1.4.0.jar!/META-INF/beans.xml
May 28, 2015 5:42:50 PM org.apache.webbeans.corespi.scanner.AbstractMetaDataDiscovery addWebBeansXmlLocation
INFO: added beans archive URL: jar:file:/home/soro/.m2/repository/org/apache/deltaspike/modules/deltaspike-test-control-module-impl/1.4.0/deltaspike-test-control-module-impl-1.4.0.jar!/META-INF/beans.xml
May 28, 2015 5:42:50 PM org.apache.webbeans.corespi.scanner.AbstractMetaDataDiscovery addWebBeansXmlLocation
INFO: added beans archive URL: jar:file:/home/soro/.m2/repository/org/apache/deltaspike/cdictrl/deltaspike-cdictrl-owb/1.4.0/deltaspike-cdictrl-owb-1.4.0.jar!/META-INF/beans.xml
May 28, 2015 5:42:50 PM org.apache.webbeans.corespi.scanner.AbstractMetaDataDiscovery addWebBeansXmlLocation
INFO: added beans archive URL: file:/home/soro/.m2/repository/org/apache/deltaspike/modules/deltaspike-test-control-module-api/1.4.0/deltaspike-test-control-module-api-1.4.0.jar
May 28, 2015 5:42:50 PM org.apache.webbeans.corespi.scanner.AbstractMetaDataDiscovery addWebBeansXmlLocation
INFO: added beans archive URL: file:/home/soro/.m2/repository/org/apache/deltaspike/cdictrl/deltaspike-cdictrl-api/1.4.0/deltaspike-cdictrl-api-1.4.0.jar
May 28, 2015 5:42:50 PM org.apache.deltaspike.core.util.ClassDeactivationUtils cacheResult
INFO: class: org.apache.deltaspike.core.impl.exclude.extension.ExcludeExtension activated=true
May 28, 2015 5:42:50 PM org.apache.deltaspike.core.util.ClassDeactivationUtils cacheResult
INFO: class: org.apache.deltaspike.core.impl.exclude.CustomProjectStageBeanFilter activated=true
May 28, 2015 5:42:50 PM org.apache.deltaspike.core.util.ClassDeactivationUtils cacheResult
INFO: class: org.apache.deltaspike.core.impl.exclude.GlobalAlternative activated=true
May 28, 2015 5:42:50 PM org.apache.deltaspike.core.util.ClassDeactivationUtils cacheResult
INFO: class: org.apache.deltaspike.core.impl.message.MessageBundleExtension activated=true
May 28, 2015 5:42:50 PM org.apache.deltaspike.core.util.ClassDeactivationUtils cacheResult
INFO: class: org.apache.deltaspike.core.impl.jmx.MBeanExtension activated=true
May 28, 2015 5:42:50 PM org.apache.deltaspike.core.util.ClassDeactivationUtils cacheResult
INFO: class: org.apache.deltaspike.core.impl.scope.DeltaSpikeContextExtension activated=true
May 28, 2015 5:42:50 PM org.apache.deltaspike.core.util.ClassDeactivationUtils cacheResult
INFO: class: org.apache.deltaspike.core.impl.interceptor.GlobalInterceptorExtension activated=true
May 28, 2015 5:42:50 PM org.apache.deltaspike.core.util.ClassDeactivationUtils cacheResult
INFO: class: org.apache.deltaspike.testcontrol.impl.mock.MockExtension activated=true
May 28, 2015 5:42:50 PM org.apache.deltaspike.core.util.ClassDeactivationUtils cacheResult
INFO: class: org.apache.deltaspike.testcontrol.impl.mock.DefaultMockFilter activated=true
May 28, 2015 5:42:50 PM org.apache.deltaspike.core.util.ClassDeactivationUtils cacheResult
INFO: class: org.apache.deltaspike.core.impl.exception.control.extension.ExceptionControlExtension activated=true
May 28, 2015 5:42:50 PM org.apache.deltaspike.core.util.ClassDeactivationUtils cacheResult
INFO: class: org.apache.deltaspike.core.impl.config.ConfigurationExtension activated=true
May 28, 2015 5:42:50 PM org.apache.webbeans.corespi.scanner.AbstractMetaDataDiscovery getBeanClasses
WARNING: Ignoring class [org.apache.deltaspike.testcontrol.impl.jsf.MockedJsf2TestContainer] because it could not be loaded: java.lang.NoClassDefFoundError: javax/faces/render/RenderKit 
May 28, 2015 5:42:50 PM org.apache.webbeans.corespi.scanner.AbstractMetaDataDiscovery getBeanClasses
WARNING: Ignoring class [org.apache.deltaspike.testcontrol.impl.jsf.MockedJsfTestContainerAdapter] because it could not be loaded: java.lang.NoClassDefFoundError: Lorg/apache/myfaces/test/mock/MockedJsfTestContainer; 
May 28, 2015 5:42:50 PM org.apache.webbeans.corespi.scanner.AbstractMetaDataDiscovery getBeanClasses
WARNING: Ignoring class [org.apache.deltaspike.testcontrol.impl.jsf.MyFacesContainerAdapter$1] because it could not be loaded: java.lang.NoClassDefFoundError: org/apache/myfaces/mc/test/core/runner/MyFacesContainer 
May 28, 2015 5:42:50 PM org.apache.webbeans.corespi.scanner.AbstractMetaDataDiscovery getBeanClasses
WARNING: Ignoring class [org.apache.deltaspike.testcontrol.impl.jsf.MyFacesContainerAdapter] because it could not be loaded: java.lang.NoClassDefFoundError: org/apache/myfaces/mc/test/core/runner/MyFacesContainer 
</system-err>
  </testcase>
</testsuite>